{"C:\\Users\\30051441\\rss-react\\src\\__ tests __\\mocks\\handlers.ts": {"path":"C:\\Users\\30051441\\rss-react\\src\\__ tests __\\mocks\\handlers.ts","statementMap":{"0":{"start":{"line":1,"column":0},"end":{"line":1,"column":27}},"1":{"start":{"line":2,"column":0},"end":{"line":2,"column":64}},"2":{"start":{"line":4,"column":0},"end":{"line":4,"column":21}},"3":{"start":{"line":5,"column":0},"end":{"line":5,"column":25}},"4":{"start":{"line":6,"column":0},"end":{"line":6,"column":25}},"5":{"start":{"line":7,"column":0},"end":{"line":7,"column":27}},"6":{"start":{"line":9,"column":13},"end":{"line":9,"column":73}},"7":{"start":{"line":11,"column":13},"end":{"line":45,"column":2}},"8":{"start":{"line":13,"column":28},"end":{"line":19,"column":6}},"9":{"start":{"line":21,"column":4},"end":{"line":21,"column":57}},"10":{"start":{"line":25,"column":27},"end":{"line":41,"column":6}},"11":{"start":{"line":43,"column":4},"end":{"line":43,"column":56}}},"fnMap":{"0":{"name":"(anonymous_0)","decl":{"start":{"line":12,"column":34},"end":{"line":12,"column":37}},"loc":{"start":{"line":12,"column":39},"end":{"line":22,"column":3}}},"1":{"name":"(anonymous_1)","decl":{"start":{"line":24,"column":21},"end":{"line":24,"column":24}},"loc":{"start":{"line":24,"column":26},"end":{"line":44,"column":3}}}},"branchMap":{},"s":{"0":5,"1":5,"2":5,"3":5,"4":5,"5":5,"6":5,"7":5,"8":0,"9":0,"10":0,"11":0},"f":{"0":0,"1":0},"b":{}}
,"C:\\Users\\30051441\\rss-react\\src\\__ tests __\\mocks\\server.ts": {"path":"C:\\Users\\30051441\\rss-react\\src\\__ tests __\\mocks\\server.ts","statementMap":{"0":{"start":{"line":1,"column":0},"end":{"line":1,"column":39}},"1":{"start":{"line":2,"column":0},"end":{"line":2,"column":38}},"2":{"start":{"line":4,"column":13},"end":{"line":4,"column":47}}},"fnMap":{},"branchMap":{},"s":{"0":5,"1":5,"2":5},"f":{},"b":{}}
,"C:\\Users\\30051441\\rss-react\\src\\api\\api.ts": {"path":"C:\\Users\\30051441\\rss-react\\src\\api\\api.ts","statementMap":{"0":{"start":{"line":1,"column":0},"end":{"line":1,"column":73}},"1":{"start":{"line":8,"column":17},"end":{"line":8,"column":57}},"2":{"start":{"line":10,"column":13},"end":{"line":38,"column":3}},"3":{"start":{"line":15,"column":25},"end":{"line":37,"column":4}},"4":{"start":{"line":24,"column":23},"end":{"line":27,"column":10}},"5":{"start":{"line":28,"column":8},"end":{"line":31,"column":10}},"6":{"start":{"line":35,"column":29},"end":{"line":35,"column":37}},"7":{"start":{"line":40,"column":15},"end":{"line":40,"column":61}}},"fnMap":{"0":{"name":"(anonymous_0)","decl":{"start":{"line":15,"column":13},"end":{"line":15,"column":14}},"loc":{"start":{"line":15,"column":25},"end":{"line":37,"column":4}}},"1":{"name":"(anonymous_1)","decl":{"start":{"line":17,"column":13},"end":{"line":17,"column":14}},"loc":{"start":{"line":23,"column":11},"end":{"line":32,"column":7}}},"2":{"name":"(anonymous_2)","decl":{"start":{"line":35,"column":13},"end":{"line":35,"column":14}},"loc":{"start":{"line":35,"column":29},"end":{"line":35,"column":37}}}},"branchMap":{},"s":{"0":5,"1":5,"2":5,"3":5,"4":3,"5":3,"6":1,"7":5},"f":{"0":5,"1":3,"2":1},"b":{}}
,"C:\\Users\\30051441\\rss-react\\src\\components\\card\\card.scss": {"path":"C:\\Users\\30051441\\rss-react\\src\\components\\card\\card.scss","statementMap":{"0":{"start":{"line":1,"column":0},"end":{"line":1,"column":19}}},"fnMap":{},"branchMap":{},"s":{"0":2},"f":{},"b":{},"_coverageSchema":"1a1c01bbd47fc00a2c39e90264f33305004495a9","hash":"71cb3c0bff338b4e3a04d6c3be55789e9a3d23a4"}
,"C:\\Users\\30051441\\rss-react\\src\\components\\card\\card.tsx": {"path":"C:\\Users\\30051441\\rss-react\\src\\components\\card\\card.tsx","statementMap":{"0":{"start":{"line":14,"column":0},"end":{"line":14,"column":24}},"1":{"start":{"line":2,"column":0},"end":{"line":2,"column":51}},"2":{"start":{"line":3,"column":0},"end":{"line":3,"column":55}},"3":{"start":{"line":5,"column":0},"end":{"line":5,"column":63}},"4":{"start":{"line":6,"column":0},"end":{"line":6,"column":44}},"5":{"start":{"line":7,"column":0},"end":{"line":7,"column":50}},"6":{"start":{"line":8,"column":0},"end":{"line":8,"column":21}},"7":{"start":{"line":15,"column":19},"end":{"line":15,"column":32}},"8":{"start":{"line":16,"column":42},"end":{"line":16,"column":59}},"9":{"start":{"line":17,"column":40},"end":{"line":18,"column":null}},"10":{"start":{"line":18,"column":26},"end":{"line":18,"column":49}},"11":{"start":{"line":20,"column":40},"end":{"line":20,"column":55}},"12":{"start":{"line":22,"column":19},"end":{"line":24,"column":4}},"13":{"start":{"line":26,"column":2},"end":{"line":28,"column":13}},"14":{"start":{"line":27,"column":4},"end":{"line":27,"column":59}},"15":{"start":{"line":27,"column":14},"end":{"line":27,"column":59}},"16":{"start":{"line":30,"column":18},"end":{"line":35,"column":3}},"17":{"start":{"line":31,"column":4},"end":{"line":34,"column":5}},"18":{"start":{"line":32,"column":6},"end":{"line":33,"column":32}},"19":{"start":{"line":33,"column":8},"end":{"line":33,"column":32}},"20":{"start":{"line":37,"column":19},"end":{"line":41,"column":3}},"21":{"start":{"line":38,"column":28},"end":{"line":38,"column":61}},"22":{"start":{"line":39,"column":4},"end":{"line":39,"column":44}},"23":{"start":{"line":40,"column":4},"end":{"line":40,"column":37}},"24":{"start":{"line":43,"column":30},"end":{"line":53,"column":3}},"25":{"start":{"line":44,"column":27},"end":{"line":44,"column":50}},"26":{"start":{"line":45,"column":4},"end":{"line":51,"column":6}},"27":{"start":{"line":52,"column":4},"end":{"line":52,"column":29}},"28":{"start":{"line":55,"column":23},"end":{"line":67,"column":3}},"29":{"start":{"line":56,"column":4},"end":{"line":66,"column":5}},"30":{"start":{"line":57,"column":6},"end":{"line":61,"column":7}},"31":{"start":{"line":58,"column":8},"end":{"line":58,"column":29}},"32":{"start":{"line":60,"column":8},"end":{"line":60,"column":53}},"33":{"start":{"line":63,"column":29},"end":{"line":63,"column":52}},"34":{"start":{"line":64,"column":6},"end":{"line":64,"column":46}},"35":{"start":{"line":65,"column":6},"end":{"line":65,"column":47}},"36":{"start":{"line":69,"column":2},"end":{"line":80,"column":4}},"37":{"start":{"line":70,"column":49},"end":{"line":70,"column":59}},"38":{"start":{"line":77,"column":25},"end":{"line":77,"column":40}}},"fnMap":{"0":{"name":"Card","decl":{"start":{"line":14,"column":24},"end":{"line":14,"column":28}},"loc":{"start":{"line":14,"column":44},"end":{"line":81,"column":1}}},"1":{"name":"(anonymous_1)","decl":{"start":{"line":18,"column":4},"end":{"line":18,"column":5}},"loc":{"start":{"line":18,"column":26},"end":{"line":18,"column":49}}},"2":{"name":"(anonymous_2)","decl":{"start":{"line":26,"column":12},"end":{"line":26,"column":15}},"loc":{"start":{"line":26,"column":17},"end":{"line":28,"column":3}}},"3":{"name":"(anonymous_3)","decl":{"start":{"line":30,"column":18},"end":{"line":30,"column":19}},"loc":{"start":{"line":30,"column":67},"end":{"line":35,"column":3}}},"4":{"name":"(anonymous_4)","decl":{"start":{"line":37,"column":19},"end":{"line":37,"column":20}},"loc":{"start":{"line":37,"column":34},"end":{"line":41,"column":3}}},"5":{"name":"(anonymous_5)","decl":{"start":{"line":43,"column":30},"end":{"line":43,"column":33}},"loc":{"start":{"line":43,"column":35},"end":{"line":53,"column":3}}},"6":{"name":"(anonymous_6)","decl":{"start":{"line":55,"column":23},"end":{"line":55,"column":24}},"loc":{"start":{"line":55,"column":66},"end":{"line":67,"column":3}}},"7":{"name":"(anonymous_7)","decl":{"start":{"line":70,"column":42},"end":{"line":70,"column":43}},"loc":{"start":{"line":70,"column":49},"end":{"line":70,"column":59}}},"8":{"name":"(anonymous_8)","decl":{"start":{"line":77,"column":18},"end":{"line":77,"column":19}},"loc":{"start":{"line":77,"column":25},"end":{"line":77,"column":40}}}},"branchMap":{"0":{"loc":{"start":{"line":27,"column":4},"end":{"line":27,"column":59}},"type":"if","locations":[{"start":{"line":27,"column":4},"end":{"line":27,"column":59}}]},"1":{"loc":{"start":{"line":31,"column":4},"end":{"line":34,"column":5}},"type":"if","locations":[{"start":{"line":31,"column":4},"end":{"line":34,"column":5}}]},"2":{"loc":{"start":{"line":32,"column":6},"end":{"line":33,"column":32}},"type":"if","locations":[{"start":{"line":32,"column":6},"end":{"line":33,"column":32}}]},"3":{"loc":{"start":{"line":46,"column":12},"end":{"line":46,"column":28}},"type":"binary-expr","locations":[{"start":{"line":46,"column":12},"end":{"line":46,"column":22}},{"start":{"line":46,"column":26},"end":{"line":46,"column":28}}]},"4":{"loc":{"start":{"line":46,"column":12},"end":{"line":46,"column":22}},"type":"cond-expr","locations":[{"start":{"line":46,"column":16},"end":{"line":46,"column":18}},{"start":{"line":46,"column":12},"end":{"line":46,"column":22}}]},"5":{"loc":{"start":{"line":46,"column":12},"end":{"line":46,"column":18}},"type":"binary-expr","locations":[{"start":{"line":46,"column":12},"end":{"line":46,"column":18}},{"start":{"line":46,"column":12},"end":{"line":46,"column":18}}]},"6":{"loc":{"start":{"line":47,"column":12},"end":{"line":47,"column":28}},"type":"binary-expr","locations":[{"start":{"line":47,"column":12},"end":{"line":47,"column":22}},{"start":{"line":47,"column":26},"end":{"line":47,"column":28}}]},"7":{"loc":{"start":{"line":47,"column":12},"end":{"line":47,"column":22}},"type":"cond-expr","locations":[{"start":{"line":47,"column":16},"end":{"line":47,"column":18}},{"start":{"line":47,"column":12},"end":{"line":47,"column":22}}]},"8":{"loc":{"start":{"line":47,"column":12},"end":{"line":47,"column":18}},"type":"binary-expr","locations":[{"start":{"line":47,"column":12},"end":{"line":47,"column":18}},{"start":{"line":47,"column":12},"end":{"line":47,"column":18}}]},"9":{"loc":{"start":{"line":48,"column":11},"end":{"line":48,"column":37}},"type":"binary-expr","locations":[{"start":{"line":48,"column":11},"end":{"line":48,"column":31}},{"start":{"line":48,"column":35},"end":{"line":48,"column":37}}]},"10":{"loc":{"start":{"line":48,"column":11},"end":{"line":48,"column":31}},"type":"cond-expr","locations":[{"start":{"line":48,"column":15},"end":{"line":48,"column":17}},{"start":{"line":48,"column":11},"end":{"line":48,"column":31}}]},"11":{"loc":{"start":{"line":48,"column":11},"end":{"line":48,"column":17}},"type":"binary-expr","locations":[{"start":{"line":48,"column":11},"end":{"line":48,"column":17}},{"start":{"line":48,"column":11},"end":{"line":48,"column":17}}]},"12":{"loc":{"start":{"line":49,"column":11},"end":{"line":49,"column":37}},"type":"binary-expr","locations":[{"start":{"line":49,"column":11},"end":{"line":49,"column":31}},{"start":{"line":49,"column":35},"end":{"line":49,"column":37}}]},"13":{"loc":{"start":{"line":49,"column":11},"end":{"line":49,"column":31}},"type":"cond-expr","locations":[{"start":{"line":49,"column":15},"end":{"line":49,"column":17}},{"start":{"line":49,"column":11},"end":{"line":49,"column":31}}]},"14":{"loc":{"start":{"line":49,"column":11},"end":{"line":49,"column":17}},"type":"binary-expr","locations":[{"start":{"line":49,"column":11},"end":{"line":49,"column":17}},{"start":{"line":49,"column":11},"end":{"line":49,"column":17}}]},"15":{"loc":{"start":{"line":50,"column":15},"end":{"line":50,"column":34}},"type":"binary-expr","locations":[{"start":{"line":50,"column":15},"end":{"line":50,"column":28}},{"start":{"line":50,"column":32},"end":{"line":50,"column":34}}]},"16":{"loc":{"start":{"line":50,"column":15},"end":{"line":50,"column":28}},"type":"cond-expr","locations":[{"start":{"line":50,"column":19},"end":{"line":50,"column":21}},{"start":{"line":50,"column":15},"end":{"line":50,"column":28}}]},"17":{"loc":{"start":{"line":50,"column":15},"end":{"line":50,"column":21}},"type":"binary-expr","locations":[{"start":{"line":50,"column":15},"end":{"line":50,"column":21}},{"start":{"line":50,"column":15},"end":{"line":50,"column":21}}]},"18":{"loc":{"start":{"line":56,"column":4},"end":{"line":66,"column":5}},"type":"if","locations":[{"start":{"line":56,"column":4},"end":{"line":66,"column":5}},{"start":{"line":62,"column":11},"end":{"line":66,"column":5}}]},"19":{"loc":{"start":{"line":57,"column":6},"end":{"line":61,"column":7}},"type":"if","locations":[{"start":{"line":57,"column":6},"end":{"line":61,"column":7}},{"start":{"line":59,"column":13},"end":{"line":61,"column":7}}]}},"s":{"0":2,"1":2,"2":2,"3":2,"4":2,"5":2,"6":2,"7":1,"8":1,"9":1,"10":3,"11":1,"12":1,"13":1,"14":1,"15":0,"16":1,"17":0,"18":0,"19":0,"20":1,"21":0,"22":0,"23":0,"24":1,"25":0,"26":0,"27":0,"28":1,"29":0,"30":0,"31":0,"32":0,"33":0,"34":0,"35":0,"36":1,"37":0,"38":0},"f":{"0":1,"1":3,"2":1,"3":0,"4":0,"5":0,"6":0,"7":0,"8":0},"b":{"0":[0],"1":[0],"2":[0],"3":[0,0],"4":[0,0],"5":[0,0],"6":[0,0],"7":[0,0],"8":[0,0],"9":[0,0],"10":[0,0],"11":[0,0],"12":[0,0],"13":[0,0],"14":[0,0],"15":[0,0],"16":[0,0],"17":[0,0],"18":[0,0],"19":[0,0]}}
,"C:\\Users\\30051441\\rss-react\\src\\components\\cardList\\cardList.scss": {"path":"C:\\Users\\30051441\\rss-react\\src\\components\\cardList\\cardList.scss","statementMap":{"0":{"start":{"line":1,"column":0},"end":{"line":1,"column":19}}},"fnMap":{},"branchMap":{},"s":{"0":1},"f":{},"b":{},"_coverageSchema":"1a1c01bbd47fc00a2c39e90264f33305004495a9","hash":"8432acc18aa564bc5237c37f26f8b94d7cf0042a"}
,"C:\\Users\\30051441\\rss-react\\src\\components\\cardList\\cardList.tsx": {"path":"C:\\Users\\30051441\\rss-react\\src\\components\\cardList\\cardList.tsx","statementMap":{"0":{"start":{"line":7,"column":0},"end":{"line":7,"column":16}},"1":{"start":{"line":2,"column":0},"end":{"line":2,"column":32}},"2":{"start":{"line":3,"column":0},"end":{"line":3,"column":42}},"3":{"start":{"line":5,"column":0},"end":{"line":5,"column":25}},"4":{"start":{"line":8,"column":41},"end":{"line":9,"column":null}},"5":{"start":{"line":9,"column":26},"end":{"line":9,"column":47}},"6":{"start":{"line":11,"column":29},"end":{"line":12,"column":null}},"7":{"start":{"line":12,"column":26},"end":{"line":12,"column":51}},"8":{"start":{"line":15,"column":2},"end":{"line":28,"column":4}},"9":{"start":{"line":22,"column":14},"end":{"line":22,"column":45}}},"fnMap":{"0":{"name":"CardList","decl":{"start":{"line":7,"column":16},"end":{"line":7,"column":24}},"loc":{"start":{"line":7,"column":24},"end":{"line":29,"column":1}}},"1":{"name":"(anonymous_2)","decl":{"start":{"line":9,"column":4},"end":{"line":9,"column":5}},"loc":{"start":{"line":9,"column":26},"end":{"line":9,"column":47}}},"2":{"name":"(anonymous_3)","decl":{"start":{"line":12,"column":4},"end":{"line":12,"column":5}},"loc":{"start":{"line":12,"column":26},"end":{"line":12,"column":51}}},"3":{"name":"(anonymous_4)","decl":{"start":{"line":21,"column":29},"end":{"line":21,"column":30}},"loc":{"start":{"line":22,"column":14},"end":{"line":22,"column":45}}}},"branchMap":{"0":{"loc":{"start":{"line":17,"column":7},"end":{"line":25,"column":null}},"type":"binary-expr","locations":[{"start":{"line":17,"column":7},"end":{"line":17,"column":17}},{"start":{"line":17,"column":21},"end":{"line":17,"column":32}},{"start":{"line":18,"column":8},"end":{"line":24,"column":null}}]},"1":{"loc":{"start":{"line":19,"column":11},"end":{"line":19,"column":74}},"type":"binary-expr","locations":[{"start":{"line":19,"column":11},"end":{"line":19,"column":35}},{"start":{"line":19,"column":39},"end":{"line":19,"column":74}}]}},"s":{"0":1,"1":1,"2":1,"3":1,"4":2,"5":4,"6":2,"7":4,"8":2,"9":0},"f":{"0":2,"1":4,"2":4,"3":0},"b":{"0":[2,0,0],"1":[0,0]}}
,"C:\\Users\\30051441\\rss-react\\src\\components\\detailedPage\\detailedPage.tsx": {"path":"C:\\Users\\30051441\\rss-react\\src\\components\\detailedPage\\detailedPage.tsx","statementMap":{"0":{"start":{"line":6,"column":0},"end":{"line":6,"column":16}},"1":{"start":{"line":1,"column":0},"end":{"line":1,"column":69}},"2":{"start":{"line":2,"column":0},"end":{"line":2,"column":24}},"3":{"start":{"line":3,"column":0},"end":{"line":3,"column":42}},"4":{"start":{"line":4,"column":0},"end":{"line":4,"column":50}},"5":{"start":{"line":7,"column":29},"end":{"line":7,"column":47}},"6":{"start":{"line":8,"column":42},"end":{"line":8,"column":59}},"7":{"start":{"line":9,"column":37},"end":{"line":9,"column":58}},"8":{"start":{"line":11,"column":20},"end":{"line":14,"column":3}},"9":{"start":{"line":12,"column":4},"end":{"line":12,"column":35}},"10":{"start":{"line":13,"column":4},"end":{"line":13,"column":34}},"11":{"start":{"line":16,"column":2},"end":{"line":64,"column":4}}},"fnMap":{"0":{"name":"DetailedPage","decl":{"start":{"line":6,"column":16},"end":{"line":6,"column":28}},"loc":{"start":{"line":6,"column":28},"end":{"line":65,"column":1}}},"1":{"name":"(anonymous_1)","decl":{"start":{"line":11,"column":20},"end":{"line":11,"column":23}},"loc":{"start":{"line":11,"column":25},"end":{"line":14,"column":3}}}},"branchMap":{"0":{"loc":{"start":{"line":22,"column":9},"end":{"line":22,"column":32}},"type":"binary-expr","locations":[{"start":{"line":22,"column":9},"end":{"line":22,"column":18}},{"start":{"line":22,"column":22},"end":{"line":22,"column":32}}]},"1":{"loc":{"start":{"line":23,"column":9},"end":{"line":23,"column":52}},"type":"binary-expr","locations":[{"start":{"line":23,"column":9},"end":{"line":23,"column":14}},{"start":{"line":23,"column":18},"end":{"line":23,"column":52}}]},"2":{"loc":{"start":{"line":24,"column":9},"end":{"line":60,"column":null}},"type":"binary-expr","locations":[{"start":{"line":24,"column":9},"end":{"line":24,"column":13}},{"start":{"line":25,"column":10},"end":{"line":59,"column":null}}]},"3":{"loc":{"start":{"line":32,"column":17},"end":{"line":36,"column":null}},"type":"binary-expr","locations":[{"start":{"line":32,"column":17},"end":{"line":32,"column":25}},{"start":{"line":33,"column":18},"end":{"line":35,"column":null}}]},"4":{"loc":{"start":{"line":38,"column":17},"end":{"line":42,"column":null}},"type":"binary-expr","locations":[{"start":{"line":38,"column":17},"end":{"line":38,"column":25}},{"start":{"line":39,"column":18},"end":{"line":41,"column":null}}]},"5":{"loc":{"start":{"line":46,"column":17},"end":{"line":50,"column":null}},"type":"binary-expr","locations":[{"start":{"line":46,"column":17},"end":{"line":46,"column":26}},{"start":{"line":47,"column":18},"end":{"line":49,"column":null}}]},"6":{"loc":{"start":{"line":52,"column":17},"end":{"line":56,"column":null}},"type":"binary-expr","locations":[{"start":{"line":52,"column":17},"end":{"line":52,"column":29}},{"start":{"line":53,"column":18},"end":{"line":55,"column":null}}]}},"s":{"0":1,"1":1,"2":1,"3":1,"4":1,"5":2,"6":2,"7":2,"8":2,"9":0,"10":0,"11":2},"f":{"0":2,"1":0},"b":{"0":[2,2],"1":[2,0],"2":[2,0],"3":[0,0],"4":[0,0],"5":[0,0],"6":[0,0]}}
,"C:\\Users\\30051441\\rss-react\\src\\components\\detailedPage\\details.scss": {"path":"C:\\Users\\30051441\\rss-react\\src\\components\\detailedPage\\details.scss","statementMap":{"0":{"start":{"line":1,"column":0},"end":{"line":1,"column":19}}},"fnMap":{},"branchMap":{},"s":{"0":1},"f":{},"b":{},"_coverageSchema":"1a1c01bbd47fc00a2c39e90264f33305004495a9","hash":"3476fb68b5ca173317eba1f59e34d2a4562fe2f1"}
,"C:\\Users\\30051441\\rss-react\\src\\components\\loader\\loader.scss": {"path":"C:\\Users\\30051441\\rss-react\\src\\components\\loader\\loader.scss","statementMap":{"0":{"start":{"line":1,"column":0},"end":{"line":1,"column":19}}},"fnMap":{},"branchMap":{},"s":{"0":1},"f":{},"b":{},"_coverageSchema":"1a1c01bbd47fc00a2c39e90264f33305004495a9","hash":"2e48668f3b7aba4a782c5ac8acdcb1d2e1c78756"}
,"C:\\Users\\30051441\\rss-react\\src\\components\\loader\\loader.tsx": {"path":"C:\\Users\\30051441\\rss-react\\src\\components\\loader\\loader.tsx","statementMap":{"0":{"start":{"line":3,"column":0},"end":{"line":3,"column":16}},"1":{"start":{"line":1,"column":0},"end":{"line":1,"column":23}},"2":{"start":{"line":4,"column":2},"end":{"line":10,"column":4}},"3":{"start":{"line":7,"column":8},"end":{"line":7,"column":25}}},"fnMap":{"0":{"name":"Loader","decl":{"start":{"line":3,"column":16},"end":{"line":3,"column":22}},"loc":{"start":{"line":3,"column":22},"end":{"line":11,"column":1}}},"1":{"name":"(anonymous_1)","decl":{"start":{"line":6,"column":27},"end":{"line":6,"column":28}},"loc":{"start":{"line":7,"column":8},"end":{"line":7,"column":25}}}},"branchMap":{},"s":{"0":1,"1":1,"2":2,"3":10},"f":{"0":2,"1":10},"b":{}}
,"C:\\Users\\30051441\\rss-react\\src\\components\\pagination\\pagination.scss": {"path":"C:\\Users\\30051441\\rss-react\\src\\components\\pagination\\pagination.scss","statementMap":{"0":{"start":{"line":1,"column":0},"end":{"line":1,"column":19}}},"fnMap":{},"branchMap":{},"s":{"0":1},"f":{},"b":{},"_coverageSchema":"1a1c01bbd47fc00a2c39e90264f33305004495a9","hash":"dbeac0008c11bc4915a3ec1ae74ef6ec488eecab"}
,"C:\\Users\\30051441\\rss-react\\src\\components\\pagination\\pagination.tsx": {"path":"C:\\Users\\30051441\\rss-react\\src\\components\\pagination\\pagination.tsx","statementMap":{"0":{"start":{"line":6,"column":0},"end":{"line":6,"column":24}},"1":{"start":{"line":1,"column":0},"end":{"line":1,"column":51}},"2":{"start":{"line":2,"column":0},"end":{"line":2,"column":42}},"3":{"start":{"line":4,"column":0},"end":{"line":4,"column":27}},"4":{"start":{"line":7,"column":42},"end":{"line":7,"column":59}},"5":{"start":{"line":8,"column":15},"end":{"line":8,"column":52}},"6":{"start":{"line":9,"column":16},"end":{"line":9,"column":68}},"7":{"start":{"line":9,"column":50},"end":{"line":9,"column":67}},"8":{"start":{"line":10,"column":17},"end":{"line":10,"column":35}},"9":{"start":{"line":11,"column":23},"end":{"line":13,"column":3}},"10":{"start":{"line":12,"column":4},"end":{"line":12,"column":45}},"11":{"start":{"line":14,"column":23},"end":{"line":16,"column":3}},"12":{"start":{"line":15,"column":4},"end":{"line":15,"column":45}},"13":{"start":{"line":18,"column":2},"end":{"line":40,"column":4}},"14":{"start":{"line":24,"column":12},"end":{"line":24,"column":43}},"15":{"start":{"line":24,"column":28},"end":{"line":24,"column":43}},"16":{"start":{"line":33,"column":12},"end":{"line":33,"column":40}},"17":{"start":{"line":33,"column":25},"end":{"line":33,"column":40}}},"fnMap":{"0":{"name":"Pagination","decl":{"start":{"line":6,"column":24},"end":{"line":6,"column":34}},"loc":{"start":{"line":6,"column":34},"end":{"line":41,"column":1}}},"1":{"name":"(anonymous_1)","decl":{"start":{"line":9,"column":28},"end":{"line":9,"column":29}},"loc":{"start":{"line":9,"column":50},"end":{"line":9,"column":67}}},"2":{"name":"(anonymous_2)","decl":{"start":{"line":11,"column":23},"end":{"line":11,"column":26}},"loc":{"start":{"line":11,"column":28},"end":{"line":13,"column":3}}},"3":{"name":"(anonymous_3)","decl":{"start":{"line":14,"column":23},"end":{"line":14,"column":26}},"loc":{"start":{"line":14,"column":28},"end":{"line":16,"column":3}}},"4":{"name":"(anonymous_4)","decl":{"start":{"line":23,"column":19},"end":{"line":23,"column":22}},"loc":{"start":{"line":23,"column":24},"end":{"line":25,"column":11}}},"5":{"name":"(anonymous_5)","decl":{"start":{"line":32,"column":19},"end":{"line":32,"column":22}},"loc":{"start":{"line":32,"column":24},"end":{"line":34,"column":11}}}},"branchMap":{"0":{"loc":{"start":{"line":8,"column":15},"end":{"line":8,"column":52}},"type":"binary-expr","locations":[{"start":{"line":8,"column":15},"end":{"line":8,"column":47}},{"start":{"line":8,"column":51},"end":{"line":8,"column":52}}]},"1":{"loc":{"start":{"line":24,"column":12},"end":{"line":24,"column":43}},"type":"if","locations":[{"start":{"line":24,"column":12},"end":{"line":24,"column":43}}]},"2":{"loc":{"start":{"line":33,"column":12},"end":{"line":33,"column":40}},"type":"if","locations":[{"start":{"line":33,"column":12},"end":{"line":33,"column":40}}]}},"s":{"0":1,"1":1,"2":1,"3":1,"4":1,"5":1,"6":1,"7":2,"8":1,"9":1,"10":0,"11":1,"12":0,"13":1,"14":0,"15":0,"16":0,"17":0},"f":{"0":1,"1":2,"2":0,"3":0,"4":0,"5":0},"b":{"0":[1,1],"1":[0],"2":[0]}}
,"C:\\Users\\30051441\\rss-react\\src\\components\\search\\search.scss": {"path":"C:\\Users\\30051441\\rss-react\\src\\components\\search\\search.scss","statementMap":{"0":{"start":{"line":1,"column":0},"end":{"line":1,"column":19}}},"fnMap":{},"branchMap":{},"s":{"0":1},"f":{},"b":{},"_coverageSchema":"1a1c01bbd47fc00a2c39e90264f33305004495a9","hash":"8440baed28aa8b2b37f6e3cfa478829b822de155"}
,"C:\\Users\\30051441\\rss-react\\src\\components\\search\\search.tsx": {"path":"C:\\Users\\30051441\\rss-react\\src\\components\\search\\search.tsx","statementMap":{"0":{"start":{"line":11,"column":0},"end":{"line":11,"column":16}},"1":{"start":{"line":1,"column":0},"end":{"line":1,"column":51}},"2":{"start":{"line":2,"column":0},"end":{"line":2,"column":56}},"3":{"start":{"line":3,"column":0},"end":{"line":3,"column":51}},"4":{"start":{"line":4,"column":0},"end":{"line":4,"column":42}},"5":{"start":{"line":5,"column":0},"end":{"line":5,"column":61}},"6":{"start":{"line":6,"column":0},"end":{"line":6,"column":65}},"7":{"start":{"line":7,"column":0},"end":{"line":7,"column":57}},"8":{"start":{"line":8,"column":0},"end":{"line":8,"column":44}},"9":{"start":{"line":9,"column":0},"end":{"line":9,"column":23}},"10":{"start":{"line":12,"column":60},"end":{"line":12,"column":76}},"11":{"start":{"line":13,"column":40},"end":{"line":13,"column":62}},"12":{"start":{"line":14,"column":42},"end":{"line":14,"column":59}},"13":{"start":{"line":15,"column":21},"end":{"line":15,"column":58}},"14":{"start":{"line":16,"column":19},"end":{"line":16,"column":32}},"15":{"start":{"line":18,"column":30},"end":{"line":21,"column":4}},"16":{"start":{"line":23,"column":2},"end":{"line":25,"column":18}},"17":{"start":{"line":24,"column":4},"end":{"line":24,"column":38}},"18":{"start":{"line":27,"column":2},"end":{"line":32,"column":13}},"19":{"start":{"line":28,"column":4},"end":{"line":31,"column":5}},"20":{"start":{"line":29,"column":6},"end":{"line":29,"column":39}},"21":{"start":{"line":30,"column":6},"end":{"line":30,"column":38}},"22":{"start":{"line":34,"column":2},"end":{"line":54,"column":4}},"23":{"start":{"line":42,"column":31},"end":{"line":42,"column":73}},"24":{"start":{"line":47,"column":12},"end":{"line":47,"column":31}},"25":{"start":{"line":48,"column":12},"end":{"line":48,"column":43}},"26":{"start":{"line":49,"column":12},"end":{"line":49,"column":41}}},"fnMap":{"0":{"name":"Search","decl":{"start":{"line":11,"column":16},"end":{"line":11,"column":22}},"loc":{"start":{"line":11,"column":22},"end":{"line":55,"column":1}}},"1":{"name":"(anonymous_2)","decl":{"start":{"line":23,"column":12},"end":{"line":23,"column":15}},"loc":{"start":{"line":23,"column":17},"end":{"line":25,"column":3}}},"2":{"name":"(anonymous_3)","decl":{"start":{"line":27,"column":12},"end":{"line":27,"column":15}},"loc":{"start":{"line":27,"column":17},"end":{"line":32,"column":3}}},"3":{"name":"(anonymous_4)","decl":{"start":{"line":42,"column":20},"end":{"line":42,"column":21}},"loc":{"start":{"line":42,"column":31},"end":{"line":42,"column":73}}},"4":{"name":"(anonymous_5)","decl":{"start":{"line":46,"column":19},"end":{"line":46,"column":22}},"loc":{"start":{"line":46,"column":24},"end":{"line":50,"column":11}}}},"branchMap":{"0":{"loc":{"start":{"line":15,"column":21},"end":{"line":15,"column":58}},"type":"binary-expr","locations":[{"start":{"line":15,"column":21},"end":{"line":15,"column":53}},{"start":{"line":15,"column":57},"end":{"line":15,"column":58}}]},"1":{"loc":{"start":{"line":28,"column":4},"end":{"line":31,"column":5}},"type":"if","locations":[{"start":{"line":28,"column":4},"end":{"line":31,"column":5}}]},"2":{"loc":{"start":{"line":29,"column":26},"end":{"line":29,"column":36}},"type":"cond-expr","locations":[{"start":{"line":29,"column":30},"end":{"line":29,"column":32}},{"start":{"line":29,"column":26},"end":{"line":29,"column":36}}]},"3":{"loc":{"start":{"line":29,"column":26},"end":{"line":29,"column":32}},"type":"binary-expr","locations":[{"start":{"line":29,"column":26},"end":{"line":29,"column":32}},{"start":{"line":29,"column":26},"end":{"line":29,"column":32}}]},"4":{"loc":{"start":{"line":30,"column":24},"end":{"line":30,"column":35}},"type":"cond-expr","locations":[{"start":{"line":30,"column":28},"end":{"line":30,"column":30}},{"start":{"line":30,"column":24},"end":{"line":30,"column":35}}]},"5":{"loc":{"start":{"line":30,"column":24},"end":{"line":30,"column":30}},"type":"binary-expr","locations":[{"start":{"line":30,"column":24},"end":{"line":30,"column":30}},{"start":{"line":30,"column":24},"end":{"line":30,"column":30}}]}},"s":{"0":1,"1":1,"2":1,"3":1,"4":1,"5":1,"6":1,"7":1,"8":1,"9":1,"10":9,"11":9,"12":9,"13":9,"14":9,"15":9,"16":9,"17":2,"18":9,"19":2,"20":0,"21":0,"22":9,"23":3,"24":1,"25":1,"26":1},"f":{"0":9,"1":2,"2":2,"3":3,"4":1},"b":{"0":[9,5],"1":[0],"2":[0,0],"3":[0,0],"4":[0,0],"5":[0,0]}}
,"C:\\Users\\30051441\\rss-react\\src\\hooks\\useSearchQuery.tsx": {"path":"C:\\Users\\30051441\\rss-react\\src\\hooks\\useSearchQuery.tsx","statementMap":{"0":{"start":{"line":3,"column":0},"end":{"line":3,"column":24}},"1":{"start":{"line":1,"column":0},"end":{"line":1,"column":33}},"2":{"start":{"line":8,"column":28},"end":{"line":10,"column":4}},"3":{"start":{"line":9,"column":4},"end":{"line":9,"column":54}},"4":{"start":{"line":11,"column":24},"end":{"line":11,"column":73}},"5":{"start":{"line":11,"column":30},"end":{"line":11,"column":73}},"6":{"start":{"line":12,"column":2},"end":{"line":12,"column":42}}},"fnMap":{"0":{"name":"useSearchQuery","decl":{"start":{"line":3,"column":24},"end":{"line":3,"column":38}},"loc":{"start":{"line":3,"column":38},"end":{"line":13,"column":1}}},"1":{"name":"(anonymous_1)","decl":{"start":{"line":8,"column":37},"end":{"line":8,"column":40}},"loc":{"start":{"line":8,"column":42},"end":{"line":10,"column":3}}},"2":{"name":"(anonymous_2)","decl":{"start":{"line":11,"column":24},"end":{"line":11,"column":27}},"loc":{"start":{"line":11,"column":30},"end":{"line":11,"column":73}}}},"branchMap":{"0":{"loc":{"start":{"line":9,"column":11},"end":{"line":9,"column":53}},"type":"binary-expr","locations":[{"start":{"line":9,"column":11},"end":{"line":9,"column":47}},{"start":{"line":9,"column":51},"end":{"line":9,"column":53}}]}},"s":{"0":1,"1":1,"2":9,"3":2,"4":9,"5":1,"6":9},"f":{"0":9,"1":2,"2":1},"b":{"0":[2,1]}}
,"C:\\Users\\30051441\\rss-react\\src\\store\\store.ts": {"path":"C:\\Users\\30051441\\rss-react\\src\\store\\store.ts","statementMap":{"0":{"start":{"line":1,"column":0},"end":{"line":1,"column":50}},"1":{"start":{"line":2,"column":0},"end":{"line":2,"column":51}},"2":{"start":{"line":3,"column":0},"end":{"line":3,"column":49}},"3":{"start":{"line":4,"column":0},"end":{"line":4,"column":53}},"4":{"start":{"line":5,"column":0},"end":{"line":5,"column":45}},"5":{"start":{"line":6,"column":0},"end":{"line":6,"column":33}},"6":{"start":{"line":8,"column":13},"end":{"line":18,"column":3}},"7":{"start":{"line":17,"column":4},"end":{"line":17,"column":49}}},"fnMap":{"0":{"name":"(anonymous_1)","decl":{"start":{"line":16,"column":14},"end":{"line":16,"column":15}},"loc":{"start":{"line":17,"column":4},"end":{"line":17,"column":49}}}},"branchMap":{},"s":{"0":5,"1":5,"2":5,"3":5,"4":5,"5":5,"6":5,"7":5},"f":{"0":5},"b":{}}
,"C:\\Users\\30051441\\rss-react\\src\\store\\slices\\isLoadingSlice.ts": {"path":"C:\\Users\\30051441\\rss-react\\src\\store\\slices\\isLoadingSlice.ts","statementMap":{"0":{"start":{"line":1,"column":0},"end":{"line":1,"column":47}},"1":{"start":{"line":3,"column":21},"end":{"line":5,"column":2}},"2":{"start":{"line":7,"column":13},"end":{"line":15,"column":3}},"3":{"start":{"line":12,"column":6},"end":{"line":12,"column":39}},"4":{"start":{"line":17,"column":15},"end":{"line":17,"column":55}},"5":{"start":{"line":18,"column":0},"end":{"line":18,"column":38}}},"fnMap":{"0":{"name":"(anonymous_0)","decl":{"start":{"line":11,"column":18},"end":{"line":11,"column":19}},"loc":{"start":{"line":11,"column":36},"end":{"line":13,"column":5}}}},"branchMap":{},"s":{"0":5,"1":5,"2":5,"3":2,"4":5,"5":5},"f":{"0":2},"b":{}}
,"C:\\Users\\30051441\\rss-react\\src\\store\\slices\\objectsSlice.ts": {"path":"C:\\Users\\30051441\\rss-react\\src\\store\\slices\\objectsSlice.ts","statementMap":{"0":{"start":{"line":1,"column":0},"end":{"line":1,"column":47}},"1":{"start":{"line":3,"column":21},"end":{"line":5,"column":2}},"2":{"start":{"line":7,"column":13},"end":{"line":15,"column":3}},"3":{"start":{"line":12,"column":6},"end":{"line":12,"column":37}},"4":{"start":{"line":17,"column":15},"end":{"line":17,"column":51}},"5":{"start":{"line":18,"column":0},"end":{"line":18,"column":36}}},"fnMap":{"0":{"name":"(anonymous_0)","decl":{"start":{"line":11,"column":16},"end":{"line":11,"column":17}},"loc":{"start":{"line":11,"column":34},"end":{"line":13,"column":5}}}},"branchMap":{},"s":{"0":5,"1":5,"2":5,"3":0,"4":5,"5":5},"f":{"0":0},"b":{}}
,"C:\\Users\\30051441\\rss-react\\src\\store\\slices\\selectedSlice.ts": {"path":"C:\\Users\\30051441\\rss-react\\src\\store\\slices\\selectedSlice.ts","statementMap":{"0":{"start":{"line":1,"column":0},"end":{"line":1,"column":47}},"1":{"start":{"line":3,"column":21},"end":{"line":5,"column":2}},"2":{"start":{"line":7,"column":13},"end":{"line":15,"column":3}},"3":{"start":{"line":12,"column":6},"end":{"line":12,"column":38}},"4":{"start":{"line":17,"column":15},"end":{"line":17,"column":53}},"5":{"start":{"line":18,"column":0},"end":{"line":18,"column":37}}},"fnMap":{"0":{"name":"(anonymous_0)","decl":{"start":{"line":11,"column":17},"end":{"line":11,"column":18}},"loc":{"start":{"line":11,"column":35},"end":{"line":13,"column":5}}}},"branchMap":{},"s":{"0":5,"1":5,"2":5,"3":0,"4":5,"5":5},"f":{"0":0},"b":{}}
,"C:\\Users\\30051441\\rss-react\\src\\store\\slices\\totalSlice.ts": {"path":"C:\\Users\\30051441\\rss-react\\src\\store\\slices\\totalSlice.ts","statementMap":{"0":{"start":{"line":1,"column":0},"end":{"line":1,"column":47}},"1":{"start":{"line":3,"column":21},"end":{"line":5,"column":2}},"2":{"start":{"line":7,"column":13},"end":{"line":15,"column":3}},"3":{"start":{"line":12,"column":6},"end":{"line":12,"column":35}},"4":{"start":{"line":17,"column":15},"end":{"line":17,"column":47}},"5":{"start":{"line":18,"column":0},"end":{"line":18,"column":34}}},"fnMap":{"0":{"name":"(anonymous_0)","decl":{"start":{"line":11,"column":14},"end":{"line":11,"column":15}},"loc":{"start":{"line":11,"column":32},"end":{"line":13,"column":5}}}},"branchMap":{},"s":{"0":5,"1":5,"2":5,"3":0,"4":5,"5":5},"f":{"0":0},"b":{}}
}
