TN:
SF:src\__ tests __\mocks\handlers.ts
FN:12,(anonymous_0)
FN:24,(anonymous_1)
FNF:2
FNH:0
FNDA:0,(anonymous_0)
FNDA:0,(anonymous_1)
DA:1,5
DA:2,5
DA:4,5
DA:5,5
DA:6,5
DA:7,5
DA:9,5
DA:11,5
DA:13,0
DA:21,0
DA:25,0
DA:43,0
LF:12
LH:8
BRF:0
BRH:0
end_of_record
TN:
SF:src\__ tests __\mocks\server.ts
FNF:0
FNH:0
DA:1,5
DA:2,5
DA:4,5
LF:3
LH:3
BRF:0
BRH:0
end_of_record
TN:
SF:src\api\api.ts
FN:15,(anonymous_0)
FN:17,(anonymous_1)
FN:35,(anonymous_2)
FNF:3
FNH:3
FNDA:5,(anonymous_0)
FNDA:3,(anonymous_1)
FNDA:1,(anonymous_2)
DA:1,5
DA:8,5
DA:10,5
DA:15,5
DA:24,3
DA:28,3
DA:35,1
DA:40,5
LF:8
LH:8
BRF:0
BRH:0
end_of_record
TN:
SF:src\components\card\card.scss
FNF:0
FNH:0
DA:1,2
LF:1
LH:1
BRF:0
BRH:0
end_of_record
TN:
SF:src\components\card\card.tsx
FN:14,Card
FN:18,(anonymous_1)
FN:26,(anonymous_2)
FN:30,(anonymous_3)
FN:37,(anonymous_4)
FN:43,(anonymous_5)
FN:55,(anonymous_6)
FN:70,(anonymous_7)
FN:77,(anonymous_8)
FNF:9
FNH:3
FNDA:1,Card
FNDA:3,(anonymous_1)
FNDA:1,(anonymous_2)
FNDA:0,(anonymous_3)
FNDA:0,(anonymous_4)
FNDA:0,(anonymous_5)
FNDA:0,(anonymous_6)
FNDA:0,(anonymous_7)
FNDA:0,(anonymous_8)
DA:2,2
DA:3,2
DA:5,2
DA:6,2
DA:7,2
DA:8,2
DA:14,2
DA:15,1
DA:16,1
DA:17,1
DA:18,3
DA:20,1
DA:22,1
DA:26,1
DA:27,1
DA:30,1
DA:31,0
DA:32,0
DA:33,0
DA:37,1
DA:38,0
DA:39,0
DA:40,0
DA:43,1
DA:44,0
DA:45,0
DA:52,0
DA:55,1
DA:56,0
DA:57,0
DA:58,0
DA:60,0
DA:63,0
DA:64,0
DA:65,0
DA:69,1
DA:70,0
DA:77,0
LF:38
LH:20
BRDA:27,0,0,0
BRDA:31,1,0,0
BRDA:32,2,0,0
BRDA:46,3,0,0
BRDA:46,3,1,0
BRDA:46,4,0,0
BRDA:46,4,1,0
BRDA:46,5,0,0
BRDA:46,5,1,0
BRDA:47,6,0,0
BRDA:47,6,1,0
BRDA:47,7,0,0
BRDA:47,7,1,0
BRDA:47,8,0,0
BRDA:47,8,1,0
BRDA:48,9,0,0
BRDA:48,9,1,0
BRDA:48,10,0,0
BRDA:48,10,1,0
BRDA:48,11,0,0
BRDA:48,11,1,0
BRDA:49,12,0,0
BRDA:49,12,1,0
BRDA:49,13,0,0
BRDA:49,13,1,0
BRDA:49,14,0,0
BRDA:49,14,1,0
BRDA:50,15,0,0
BRDA:50,15,1,0
BRDA:50,16,0,0
BRDA:50,16,1,0
BRDA:50,17,0,0
BRDA:50,17,1,0
BRDA:56,18,0,0
BRDA:56,18,1,0
BRDA:57,19,0,0
BRDA:57,19,1,0
BRF:37
BRH:0
end_of_record
TN:
SF:src\components\cardList\cardList.scss
FNF:0
FNH:0
DA:1,1
LF:1
LH:1
BRF:0
BRH:0
end_of_record
TN:
SF:src\components\cardList\cardList.tsx
FN:7,CardList
FN:9,(anonymous_2)
FN:12,(anonymous_3)
FN:21,(anonymous_4)
FNF:4
FNH:3
FNDA:2,CardList
FNDA:4,(anonymous_2)
FNDA:4,(anonymous_3)
FNDA:0,(anonymous_4)
DA:2,1
DA:3,1
DA:5,1
DA:7,1
DA:8,2
DA:9,4
DA:11,2
DA:12,4
DA:15,2
DA:22,0
LF:10
LH:9
BRDA:17,0,0,2
BRDA:17,0,1,0
BRDA:17,0,2,0
BRDA:19,1,0,0
BRDA:19,1,1,0
BRF:5
BRH:1
end_of_record
TN:
SF:src\components\detailedPage\detailedPage.tsx
FN:6,DetailedPage
FN:11,(anonymous_1)
FNF:2
FNH:1
FNDA:2,DetailedPage
FNDA:0,(anonymous_1)
DA:1,1
DA:2,1
DA:3,1
DA:4,1
DA:6,1
DA:7,2
DA:8,2
DA:9,2
DA:11,2
DA:12,0
DA:13,0
DA:16,2
LF:12
LH:10
BRDA:22,0,0,2
BRDA:22,0,1,2
BRDA:23,1,0,2
BRDA:23,1,1,0
BRDA:24,2,0,2
BRDA:24,2,1,0
BRDA:32,3,0,0
BRDA:32,3,1,0
BRDA:38,4,0,0
BRDA:38,4,1,0
BRDA:46,5,0,0
BRDA:46,5,1,0
BRDA:52,6,0,0
BRDA:52,6,1,0
BRF:14
BRH:4
end_of_record
TN:
SF:src\components\detailedPage\details.scss
FNF:0
FNH:0
DA:1,1
LF:1
LH:1
BRF:0
BRH:0
end_of_record
TN:
SF:src\components\loader\loader.scss
FNF:0
FNH:0
DA:1,1
LF:1
LH:1
BRF:0
BRH:0
end_of_record
TN:
SF:src\components\loader\loader.tsx
FN:3,Loader
FN:6,(anonymous_1)
FNF:2
FNH:2
FNDA:2,Loader
FNDA:10,(anonymous_1)
DA:1,1
DA:3,1
DA:4,2
DA:7,10
LF:4
LH:4
BRF:0
BRH:0
end_of_record
TN:
SF:src\components\pagination\pagination.scss
FNF:0
FNH:0
DA:1,1
LF:1
LH:1
BRF:0
BRH:0
end_of_record
TN:
SF:src\components\pagination\pagination.tsx
FN:6,Pagination
FN:9,(anonymous_1)
FN:11,(anonymous_2)
FN:14,(anonymous_3)
FN:23,(anonymous_4)
FN:32,(anonymous_5)
FNF:6
FNH:2
FNDA:1,Pagination
FNDA:2,(anonymous_1)
FNDA:0,(anonymous_2)
FNDA:0,(anonymous_3)
FNDA:0,(anonymous_4)
FNDA:0,(anonymous_5)
DA:1,1
DA:2,1
DA:4,1
DA:6,1
DA:7,1
DA:8,1
DA:9,2
DA:10,1
DA:11,1
DA:12,0
DA:14,1
DA:15,0
DA:18,1
DA:24,0
DA:33,0
LF:15
LH:11
BRDA:8,0,0,1
BRDA:8,0,1,1
BRDA:24,1,0,0
BRDA:33,2,0,0
BRF:4
BRH:2
end_of_record
TN:
SF:src\components\search\search.scss
FNF:0
FNH:0
DA:1,1
LF:1
LH:1
BRF:0
BRH:0
end_of_record
TN:
SF:src\components\search\search.tsx
FN:11,Search
FN:23,(anonymous_2)
FN:27,(anonymous_3)
FN:42,(anonymous_4)
FN:46,(anonymous_5)
FNF:5
FNH:5
FNDA:9,Search
FNDA:2,(anonymous_2)
FNDA:2,(anonymous_3)
FNDA:3,(anonymous_4)
FNDA:1,(anonymous_5)
DA:1,1
DA:2,1
DA:3,1
DA:4,1
DA:5,1
DA:6,1
DA:7,1
DA:8,1
DA:9,1
DA:11,1
DA:12,9
DA:13,9
DA:14,9
DA:15,9
DA:16,9
DA:18,9
DA:23,9
DA:24,2
DA:27,9
DA:28,2
DA:29,0
DA:30,0
DA:34,9
DA:42,3
DA:47,1
DA:48,1
DA:49,1
LF:27
LH:25
BRDA:15,0,0,9
BRDA:15,0,1,5
BRDA:28,1,0,0
BRDA:29,2,0,0
BRDA:29,2,1,0
BRDA:29,3,0,0
BRDA:29,3,1,0
BRDA:30,4,0,0
BRDA:30,4,1,0
BRDA:30,5,0,0
BRDA:30,5,1,0
BRF:11
BRH:2
end_of_record
TN:
SF:src\hooks\useSearchQuery.tsx
FN:3,useSearchQuery
FN:8,(anonymous_1)
FN:11,(anonymous_2)
FNF:3
FNH:3
FNDA:9,useSearchQuery
FNDA:2,(anonymous_1)
FNDA:1,(anonymous_2)
DA:1,1
DA:3,1
DA:8,9
DA:9,2
DA:11,9
DA:12,9
LF:6
LH:6
BRDA:9,0,0,2
BRDA:9,0,1,1
BRF:2
BRH:2
end_of_record
TN:
SF:src\store\store.ts
FN:16,(anonymous_1)
FNF:1
FNH:1
FNDA:5,(anonymous_1)
DA:1,5
DA:2,5
DA:3,5
DA:4,5
DA:5,5
DA:6,5
DA:8,5
DA:17,5
LF:8
LH:8
BRF:0
BRH:0
end_of_record
TN:
SF:src\store\slices\isLoadingSlice.ts
FN:11,(anonymous_0)
FNF:1
FNH:1
FNDA:2,(anonymous_0)
DA:1,5
DA:3,5
DA:7,5
DA:12,2
DA:17,5
DA:18,5
LF:6
LH:6
BRF:0
BRH:0
end_of_record
TN:
SF:src\store\slices\objectsSlice.ts
FN:11,(anonymous_0)
FNF:1
FNH:0
FNDA:0,(anonymous_0)
DA:1,5
DA:3,5
DA:7,5
DA:12,0
DA:17,5
DA:18,5
LF:6
LH:5
BRF:0
BRH:0
end_of_record
TN:
SF:src\store\slices\selectedSlice.ts
FN:11,(anonymous_0)
FNF:1
FNH:0
FNDA:0,(anonymous_0)
DA:1,5
DA:3,5
DA:7,5
DA:12,0
DA:17,5
DA:18,5
LF:6
LH:5
BRF:0
BRH:0
end_of_record
TN:
SF:src\store\slices\totalSlice.ts
FN:11,(anonymous_0)
FNF:1
FNH:0
FNDA:0,(anonymous_0)
DA:1,5
DA:3,5
DA:7,5
DA:12,0
DA:17,5
DA:18,5
LF:6
LH:5
BRF:0
BRH:0
end_of_record
